<?xml version="1.0" encoding="UTF-8"?>
<!-- Generated by org.testng.reporters.JUnitReportReporter -->
<testsuite skipped="0" hostname="ajitbiswas-laptop" name="scripts.TestValidLogin" tests="1" failures="0" timestamp="18 Nov 2017 12:23:31 GMT" time="19.133" errors="0">
  <testcase name="testValidLogin" time="19.133" classname="scripts.TestValidLogin"/>
</testsuite> <!-- scripts.TestValidLogin -->
