<?xml version="1.0" encoding="UTF-8"?>
<!-- Generated by org.testng.reporters.JUnitReportReporter -->
<testsuite skipped="0" hostname="ajitbiswas-laptop" name="scripts.TestInvalidLogin" tests="1" failures="0" timestamp="13 Nov 2017 14:16:24 GMT" time="18.230" errors="0">
  <testcase name="testValidLogin" time="18.230" classname="scripts.TestInvalidLogin"/>
</testsuite> <!-- scripts.TestInvalidLogin -->
